<?xml version="1.0" encoding="UTF-8"?>
<!-- Generated by org.testng.reporters.JUnitReportReporter -->
<testsuite hostname="TYSS-Shambhavi" failures="0" tests="1" name="shoppingcart.TC_DWS_004_Test" time="6.638" errors="0" timestamp="2023-12-20T14:21:44 IST" skipped="0">
  <testcase classname="shoppingcart.TC_DWS_004_Test" name="removeFromCart" time="6.638"/>
  <system-out/>
</testsuite> <!-- shoppingcart.TC_DWS_004_Test -->
